2026-01-08 11:09:50 INFO  BaseClass:48 - ========== Test Execution Started ==========
2026-01-08 11:09:50 DEBUG BaseClass:49 - Operating System: mac
2026-01-08 11:09:50 DEBUG BaseClass:50 - Browser Parameter Received: chrome
2026-01-08 11:09:50 DEBUG BaseClass:54 - Loading config.properties file
2026-01-08 11:09:50 INFO  BaseClass:110 - Launching Chrome browser
2026-01-08 11:09:53 DEBUG BaseClass:131 - WebDriver instance set to ThreadLocal
2026-01-08 11:09:53 DEBUG BaseClass:135 - Implicit wait set to 10 seconds
2026-01-08 11:09:53 INFO  BaseClass:138 - Navigating to application URL: https://cloudberrystore.services/
2026-01-08 11:09:56 DEBUG BaseClass:142 - Browser window maximized
2026-01-08 11:09:56 INFO  TC01_LaunchApplication:30 - ==== Starting testLaunchApplication ====
2026-01-08 11:09:56 DEBUG TC01_LaunchApplication:32 - Thread ID: 33
2026-01-08 11:09:56 DEBUG TC01_LaunchApplication:40 - Initializing HomePage object
2026-01-08 11:09:56 DEBUG TC01_LaunchApplication:44 - Fetching page title from current driver
2026-01-08 11:09:56 INFO  TC01_LaunchApplication:46 - Actual page title: 'Your store of fun'
2026-01-08 11:09:56 DEBUG TC01_LaunchApplication:50 - Expected page title: 'Your store of fun'
2026-01-08 11:09:56 DEBUG TC01_LaunchApplication:54 - Performing assertion on page title
2026-01-08 11:09:56 INFO  TC01_LaunchApplication:56 - Title assertion passed
2026-01-08 11:09:56 INFO  TC01_LaunchApplication:72 - ==== Finished testLaunchApplication ====
2026-01-08 11:09:56 INFO  BaseClass:158 - ========== Test Execution Completed ==========
2026-01-08 11:09:56 INFO  BaseClass:162 - Closing browser and quitting WebDriver
2026-01-08 11:09:56 INFO  BaseClass:48 - ========== Test Execution Started ==========
2026-01-08 11:09:56 DEBUG BaseClass:49 - Operating System: mac
2026-01-08 11:09:56 DEBUG BaseClass:50 - Browser Parameter Received: chrome
2026-01-08 11:09:56 DEBUG BaseClass:54 - Loading config.properties file
2026-01-08 11:09:56 INFO  BaseClass:110 - Launching Chrome browser
2026-01-08 11:09:57 DEBUG BaseClass:131 - WebDriver instance set to ThreadLocal
2026-01-08 11:09:57 DEBUG BaseClass:135 - Implicit wait set to 10 seconds
2026-01-08 11:09:57 INFO  BaseClass:138 - Navigating to application URL: https://cloudberrystore.services/
2026-01-08 11:09:59 DEBUG BaseClass:142 - Browser window maximized
2026-01-08 11:09:59 DEBUG PackageRelationshipCollection:307 - Parsing relationship: /xl/_rels/workbook.xml.rels
2026-01-08 11:09:59 DEBUG PackageRelationshipCollection:307 - Parsing relationship: /xl/worksheets/_rels/sheet1.xml.rels
2026-01-08 11:09:59 DEBUG PackageRelationshipCollection:307 - Parsing relationship: /_rels/.rels
2026-01-08 11:09:59 DEBUG POIXMLFactory:65 - using default POIXMLDocumentPart for http://schemas.openxmlformats.org/officeDocument/2006/relationships/printerSettings
2026-01-08 11:09:59 DEBUG PackageRelationshipCollection:307 - Parsing relationship: /xl/_rels/workbook.xml.rels
2026-01-08 11:09:59 DEBUG PackageRelationshipCollection:307 - Parsing relationship: /xl/worksheets/_rels/sheet1.xml.rels
2026-01-08 11:09:59 DEBUG PackageRelationshipCollection:307 - Parsing relationship: /_rels/.rels
2026-01-08 11:09:59 DEBUG POIXMLFactory:65 - using default POIXMLDocumentPart for http://schemas.openxmlformats.org/officeDocument/2006/relationships/printerSettings
2026-01-08 11:09:59 DEBUG PackageRelationshipCollection:307 - Parsing relationship: /xl/_rels/workbook.xml.rels
2026-01-08 11:09:59 DEBUG PackageRelationshipCollection:307 - Parsing relationship: /xl/worksheets/_rels/sheet1.xml.rels
2026-01-08 11:09:59 DEBUG PackageRelationshipCollection:307 - Parsing relationship: /_rels/.rels
2026-01-08 11:09:59 DEBUG POIXMLFactory:65 - using default POIXMLDocumentPart for http://schemas.openxmlformats.org/officeDocument/2006/relationships/printerSettings
2026-01-08 11:09:59 DEBUG PackageRelationshipCollection:307 - Parsing relationship: /xl/_rels/workbook.xml.rels
2026-01-08 11:09:59 DEBUG PackageRelationshipCollection:307 - Parsing relationship: /xl/worksheets/_rels/sheet1.xml.rels
2026-01-08 11:09:59 DEBUG PackageRelationshipCollection:307 - Parsing relationship: /_rels/.rels
2026-01-08 11:09:59 DEBUG POIXMLFactory:65 - using default POIXMLDocumentPart for http://schemas.openxmlformats.org/officeDocument/2006/relationships/printerSettings
2026-01-08 11:09:59 DEBUG PackageRelationshipCollection:307 - Parsing relationship: /xl/_rels/workbook.xml.rels
2026-01-08 11:09:59 DEBUG PackageRelationshipCollection:307 - Parsing relationship: /xl/worksheets/_rels/sheet1.xml.rels
2026-01-08 11:09:59 DEBUG PackageRelationshipCollection:307 - Parsing relationship: /_rels/.rels
2026-01-08 11:09:59 DEBUG POIXMLFactory:65 - using default POIXMLDocumentPart for http://schemas.openxmlformats.org/officeDocument/2006/relationships/printerSettings
2026-01-08 11:09:59 DEBUG PackageRelationshipCollection:307 - Parsing relationship: /xl/_rels/workbook.xml.rels
2026-01-08 11:09:59 DEBUG PackageRelationshipCollection:307 - Parsing relationship: /xl/worksheets/_rels/sheet1.xml.rels
2026-01-08 11:09:59 DEBUG PackageRelationshipCollection:307 - Parsing relationship: /_rels/.rels
2026-01-08 11:09:59 DEBUG POIXMLFactory:65 - using default POIXMLDocumentPart for http://schemas.openxmlformats.org/officeDocument/2006/relationships/printerSettings
2026-01-08 11:09:59 DEBUG PackageRelationshipCollection:307 - Parsing relationship: /xl/_rels/workbook.xml.rels
2026-01-08 11:09:59 DEBUG PackageRelationshipCollection:307 - Parsing relationship: /xl/worksheets/_rels/sheet1.xml.rels
2026-01-08 11:09:59 DEBUG PackageRelationshipCollection:307 - Parsing relationship: /_rels/.rels
2026-01-08 11:09:59 DEBUG POIXMLFactory:65 - using default POIXMLDocumentPart for http://schemas.openxmlformats.org/officeDocument/2006/relationships/printerSettings
2026-01-08 11:09:59 DEBUG PackageRelationshipCollection:307 - Parsing relationship: /xl/_rels/workbook.xml.rels
2026-01-08 11:09:59 DEBUG PackageRelationshipCollection:307 - Parsing relationship: /xl/worksheets/_rels/sheet1.xml.rels
2026-01-08 11:09:59 DEBUG PackageRelationshipCollection:307 - Parsing relationship: /_rels/.rels
2026-01-08 11:09:59 DEBUG POIXMLFactory:65 - using default POIXMLDocumentPart for http://schemas.openxmlformats.org/officeDocument/2006/relationships/printerSettings
2026-01-08 11:09:59 DEBUG PackageRelationshipCollection:307 - Parsing relationship: /xl/_rels/workbook.xml.rels
2026-01-08 11:09:59 DEBUG PackageRelationshipCollection:307 - Parsing relationship: /xl/worksheets/_rels/sheet1.xml.rels
2026-01-08 11:09:59 DEBUG PackageRelationshipCollection:307 - Parsing relationship: /_rels/.rels
2026-01-08 11:09:59 DEBUG POIXMLFactory:65 - using default POIXMLDocumentPart for http://schemas.openxmlformats.org/officeDocument/2006/relationships/printerSettings
2026-01-08 11:09:59 DEBUG PackageRelationshipCollection:307 - Parsing relationship: /xl/_rels/workbook.xml.rels
2026-01-08 11:09:59 DEBUG PackageRelationshipCollection:307 - Parsing relationship: /xl/worksheets/_rels/sheet1.xml.rels
2026-01-08 11:09:59 DEBUG PackageRelationshipCollection:307 - Parsing relationship: /_rels/.rels
2026-01-08 11:09:59 DEBUG POIXMLFactory:65 - using default POIXMLDocumentPart for http://schemas.openxmlformats.org/officeDocument/2006/relationships/printerSettings
2026-01-08 11:09:59 DEBUG PackageRelationshipCollection:307 - Parsing relationship: /xl/_rels/workbook.xml.rels
2026-01-08 11:09:59 DEBUG PackageRelationshipCollection:307 - Parsing relationship: /xl/worksheets/_rels/sheet1.xml.rels
2026-01-08 11:09:59 DEBUG PackageRelationshipCollection:307 - Parsing relationship: /_rels/.rels
2026-01-08 11:09:59 DEBUG POIXMLFactory:65 - using default POIXMLDocumentPart for http://schemas.openxmlformats.org/officeDocument/2006/relationships/printerSettings
2026-01-08 11:09:59 DEBUG PackageRelationshipCollection:307 - Parsing relationship: /xl/_rels/workbook.xml.rels
2026-01-08 11:09:59 DEBUG PackageRelationshipCollection:307 - Parsing relationship: /xl/worksheets/_rels/sheet1.xml.rels
2026-01-08 11:09:59 DEBUG PackageRelationshipCollection:307 - Parsing relationship: /_rels/.rels
2026-01-08 11:09:59 DEBUG POIXMLFactory:65 - using default POIXMLDocumentPart for http://schemas.openxmlformats.org/officeDocument/2006/relationships/printerSettings
2026-01-08 11:09:59 INFO  TC02_Login:34 - ==== Starting testLogin for email: smitasharma.qa@gmail.com ====
2026-01-08 11:09:59 DEBUG TC02_Login:35 - Thread ID: 33
2026-01-08 11:09:59 DEBUG TC02_Login:36 - Input data -> email: smitasharma.qa@gmail.com, password: ss*QA123
2026-01-08 11:09:59 DEBUG TC02_Login:45 - Creating HomePage object
2026-01-08 11:09:59 DEBUG TC02_Login:49 - Clicking on My Account menu
2026-01-08 11:09:59 DEBUG TC02_Login:52 - Navigating to Login page
2026-01-08 11:10:00 DEBUG TC02_Login:56 - Creating LoginPage object
2026-01-08 11:10:00 DEBUG TC02_Login:59 - Entering email: smitasharma.qa@gmail.com
2026-01-08 11:10:00 DEBUG TC02_Login:62 - Entering password for email: smitasharma.qa@gmail.com
2026-01-08 11:10:00 DEBUG TC02_Login:65 - Clicking Login button
2026-01-08 11:10:00 DEBUG TC02_Login:69 - Creating AccountPage object
2026-01-08 11:10:00 DEBUG TC02_Login:72 - Checking if My Account confirmation element is displayed
2026-01-08 11:10:00 INFO  TC02_Login:74 - Login status for email smitasharma.qa@gmail.com -> true
2026-01-08 11:10:00 INFO  TC02_Login:79 - Login successful for email: smitasharma.qa@gmail.com
2026-01-08 11:10:00 DEBUG TC02_Login:80 - Performing logout steps after successful login
2026-01-08 11:10:00 DEBUG TC02_Login:83 - Clicked My Account dropdown
2026-01-08 11:10:01 DEBUG TC02_Login:86 - Clicked Logout
2026-01-08 11:10:01 INFO  TC02_Login:90 - Assertion passed for successful login for email: smitasharma.qa@gmail.com
2026-01-08 11:10:01 INFO  TC02_Login:108 - ==== Finished testLogin for email: smitasharma.qa@gmail.com ====
2026-01-08 11:10:01 INFO  TC02_Login:34 - ==== Starting testLogin for email: nona@yahoo.com ====
2026-01-08 11:10:01 DEBUG TC02_Login:35 - Thread ID: 33
2026-01-08 11:10:01 DEBUG TC02_Login:36 - Input data -> email: nona@yahoo.com, password: QWER!@#$
2026-01-08 11:10:01 DEBUG TC02_Login:45 - Creating HomePage object
2026-01-08 11:10:01 DEBUG TC02_Login:49 - Clicking on My Account menu
2026-01-08 11:10:01 DEBUG TC02_Login:52 - Navigating to Login page
2026-01-08 11:10:01 DEBUG TC02_Login:56 - Creating LoginPage object
2026-01-08 11:10:01 DEBUG TC02_Login:59 - Entering email: nona@yahoo.com
2026-01-08 11:10:01 DEBUG TC02_Login:62 - Entering password for email: nona@yahoo.com
2026-01-08 11:10:01 DEBUG TC02_Login:65 - Clicking Login button
2026-01-08 11:10:01 DEBUG TC02_Login:69 - Creating AccountPage object
2026-01-08 11:10:01 DEBUG TC02_Login:72 - Checking if My Account confirmation element is displayed
2026-01-08 11:10:02 INFO  TC02_Login:74 - Login status for email nona@yahoo.com -> true
2026-01-08 11:10:02 INFO  TC02_Login:79 - Login successful for email: nona@yahoo.com
2026-01-08 11:10:02 DEBUG TC02_Login:80 - Performing logout steps after successful login
2026-01-08 11:10:02 DEBUG TC02_Login:83 - Clicked My Account dropdown
2026-01-08 11:10:02 DEBUG TC02_Login:86 - Clicked Logout
2026-01-08 11:10:02 INFO  TC02_Login:90 - Assertion passed for successful login for email: nona@yahoo.com
2026-01-08 11:10:02 INFO  TC02_Login:108 - ==== Finished testLogin for email: nona@yahoo.com ====
2026-01-08 11:10:02 INFO  TC02_Login:34 - ==== Starting testLogin for email: sid@cloudberry.services ====
2026-01-08 11:10:02 DEBUG TC02_Login:35 - Thread ID: 33
2026-01-08 11:10:02 DEBUG TC02_Login:36 - Input data -> email: sid@cloudberry.services, password: Test123
2026-01-08 11:10:02 DEBUG TC02_Login:45 - Creating HomePage object
2026-01-08 11:10:02 DEBUG TC02_Login:49 - Clicking on My Account menu
2026-01-08 11:10:02 DEBUG TC02_Login:52 - Navigating to Login page
2026-01-08 11:10:02 DEBUG TC02_Login:56 - Creating LoginPage object
2026-01-08 11:10:02 DEBUG TC02_Login:59 - Entering email: sid@cloudberry.services
2026-01-08 11:10:02 DEBUG TC02_Login:62 - Entering password for email: sid@cloudberry.services
2026-01-08 11:10:02 DEBUG TC02_Login:65 - Clicking Login button
2026-01-08 11:10:02 DEBUG TC02_Login:69 - Creating AccountPage object
2026-01-08 11:10:02 DEBUG TC02_Login:72 - Checking if My Account confirmation element is displayed
2026-01-08 11:10:03 INFO  TC02_Login:74 - Login status for email sid@cloudberry.services -> true
2026-01-08 11:10:03 INFO  TC02_Login:79 - Login successful for email: sid@cloudberry.services
2026-01-08 11:10:03 DEBUG TC02_Login:80 - Performing logout steps after successful login
2026-01-08 11:10:03 DEBUG TC02_Login:83 - Clicked My Account dropdown
2026-01-08 11:10:03 DEBUG TC02_Login:86 - Clicked Logout
2026-01-08 11:10:03 INFO  TC02_Login:90 - Assertion passed for successful login for email: sid@cloudberry.services
2026-01-08 11:10:03 INFO  TC02_Login:108 - ==== Finished testLogin for email: sid@cloudberry.services ====
2026-01-08 11:10:03 INFO  TC02_Login:34 - ==== Starting testLogin for email: apushedwoman@gmail.com ====
2026-01-08 11:10:03 DEBUG TC02_Login:35 - Thread ID: 33
2026-01-08 11:10:03 DEBUG TC02_Login:36 - Input data -> email: apushedwoman@gmail.com, password: password123
2026-01-08 11:10:03 DEBUG TC02_Login:45 - Creating HomePage object
2026-01-08 11:10:03 DEBUG TC02_Login:49 - Clicking on My Account menu
2026-01-08 11:10:03 DEBUG TC02_Login:52 - Navigating to Login page
2026-01-08 11:10:03 DEBUG TC02_Login:56 - Creating LoginPage object
2026-01-08 11:10:03 DEBUG TC02_Login:59 - Entering email: apushedwoman@gmail.com
2026-01-08 11:10:04 DEBUG TC02_Login:62 - Entering password for email: apushedwoman@gmail.com
2026-01-08 11:10:04 DEBUG TC02_Login:65 - Clicking Login button
2026-01-08 11:10:04 DEBUG TC02_Login:69 - Creating AccountPage object
2026-01-08 11:10:04 DEBUG TC02_Login:72 - Checking if My Account confirmation element is displayed
2026-01-08 11:10:04 INFO  TC02_Login:74 - Login status for email apushedwoman@gmail.com -> true
2026-01-08 11:10:04 INFO  TC02_Login:79 - Login successful for email: apushedwoman@gmail.com
2026-01-08 11:10:04 DEBUG TC02_Login:80 - Performing logout steps after successful login
2026-01-08 11:10:04 DEBUG TC02_Login:83 - Clicked My Account dropdown
2026-01-08 11:10:04 DEBUG TC02_Login:86 - Clicked Logout
2026-01-08 11:10:04 INFO  TC02_Login:90 - Assertion passed for successful login for email: apushedwoman@gmail.com
2026-01-08 11:10:04 INFO  TC02_Login:108 - ==== Finished testLogin for email: apushedwoman@gmail.com ====
2026-01-08 11:10:04 INFO  TC02_Login:34 - ==== Starting testLogin for email: hichamkhachiai@gmail.com ====
2026-01-08 11:10:04 DEBUG TC02_Login:35 - Thread ID: 33
2026-01-08 11:10:04 DEBUG TC02_Login:36 - Input data -> email: hichamkhachiai@gmail.com, password: hicham123
2026-01-08 11:10:04 DEBUG TC02_Login:45 - Creating HomePage object
2026-01-08 11:10:04 DEBUG TC02_Login:49 - Clicking on My Account menu
2026-01-08 11:10:04 DEBUG TC02_Login:52 - Navigating to Login page
2026-01-08 11:10:05 DEBUG TC02_Login:56 - Creating LoginPage object
2026-01-08 11:10:05 DEBUG TC02_Login:59 - Entering email: hichamkhachiai@gmail.com
2026-01-08 11:10:05 DEBUG TC02_Login:62 - Entering password for email: hichamkhachiai@gmail.com
2026-01-08 11:10:05 DEBUG TC02_Login:65 - Clicking Login button
2026-01-08 11:10:05 DEBUG TC02_Login:69 - Creating AccountPage object
2026-01-08 11:10:05 DEBUG TC02_Login:72 - Checking if My Account confirmation element is displayed
2026-01-08 11:10:05 INFO  TC02_Login:74 - Login status for email hichamkhachiai@gmail.com -> true
2026-01-08 11:10:05 INFO  TC02_Login:79 - Login successful for email: hichamkhachiai@gmail.com
2026-01-08 11:10:05 DEBUG TC02_Login:80 - Performing logout steps after successful login
2026-01-08 11:10:05 DEBUG TC02_Login:83 - Clicked My Account dropdown
2026-01-08 11:10:05 DEBUG TC02_Login:86 - Clicked Logout
2026-01-08 11:10:05 INFO  TC02_Login:90 - Assertion passed for successful login for email: hichamkhachiai@gmail.com
2026-01-08 11:10:05 INFO  TC02_Login:108 - ==== Finished testLogin for email: hichamkhachiai@gmail.com ====
2026-01-08 11:10:05 INFO  BaseClass:158 - ========== Test Execution Completed ==========
2026-01-08 11:10:05 INFO  BaseClass:162 - Closing browser and quitting WebDriver
2026-01-08 11:10:05 INFO  BaseClass:48 - ========== Test Execution Started ==========
2026-01-08 11:10:05 DEBUG BaseClass:49 - Operating System: mac
2026-01-08 11:10:05 DEBUG BaseClass:50 - Browser Parameter Received: chrome
2026-01-08 11:10:05 DEBUG BaseClass:54 - Loading config.properties file
2026-01-08 11:10:05 INFO  BaseClass:110 - Launching Chrome browser
2026-01-08 11:10:06 DEBUG BaseClass:131 - WebDriver instance set to ThreadLocal
2026-01-08 11:10:06 DEBUG BaseClass:135 - Implicit wait set to 10 seconds
2026-01-08 11:10:06 INFO  BaseClass:138 - Navigating to application URL: https://cloudberrystore.services/
2026-01-08 11:10:08 DEBUG BaseClass:142 - Browser window maximized
2026-01-08 11:10:08 INFO  TC03_AddToCart:28 - ==== Starting testAddToCart ====
2026-01-08 11:10:08 DEBUG TC03_AddToCart:29 - Thread ID: 33
2026-01-08 11:10:08 DEBUG TC03_AddToCart:36 - Creating CategoryPage object
2026-01-08 11:10:08 DEBUG TC03_AddToCart:39 - Clicking on 'Laptops & Notebooks' category
2026-01-08 11:10:09 DEBUG TC03_AddToCart:42 - Clicking on 'Show All' under Laptops & Notebooks
2026-01-08 11:10:09 DEBUG TC03_AddToCart:46 - Waiting briefly for product list to load
2026-01-08 11:10:10 DEBUG TC03_AddToCart:49 - Selecting HP product from category listing
2026-01-08 11:10:11 DEBUG TC03_AddToCart:53 - Creating ProductPage object
2026-01-08 11:10:11 DEBUG TC03_AddToCart:56 - Setting delivery date for selected product
2026-01-08 11:10:11 DEBUG TC03_AddToCart:59 - Clicking 'Add to Cart' button
2026-01-08 11:10:12 DEBUG TC03_AddToCart:63 - Checking if success message is displayed after adding to cart
2026-01-08 11:10:12 INFO  TC03_AddToCart:65 - Add to cart success flag: true
2026-01-08 11:10:12 DEBUG TC03_AddToCart:68 - Performing assertion on success message visibility
2026-01-08 11:10:12 INFO  TC03_AddToCart:70 - Assertion passed: Product successfully added to cart
2026-01-08 11:10:12 INFO  TC03_AddToCart:83 - ==== Finished testAddToCart ====
2026-01-08 11:10:12 INFO  BaseClass:158 - ========== Test Execution Completed ==========
2026-01-08 11:10:12 INFO  BaseClass:162 - Closing browser and quitting WebDriver
2026-01-08 11:10:12 INFO  BaseClass:48 - ========== Test Execution Started ==========
2026-01-08 11:10:12 DEBUG BaseClass:49 - Operating System: mac
2026-01-08 11:10:12 DEBUG BaseClass:50 - Browser Parameter Received: chrome
2026-01-08 11:10:12 DEBUG BaseClass:54 - Loading config.properties file
2026-01-08 11:10:12 INFO  BaseClass:110 - Launching Chrome browser
2026-01-08 11:10:13 DEBUG BaseClass:131 - WebDriver instance set to ThreadLocal
2026-01-08 11:10:13 DEBUG BaseClass:135 - Implicit wait set to 10 seconds
2026-01-08 11:10:13 INFO  BaseClass:138 - Navigating to application URL: https://cloudberrystore.services/
2026-01-08 11:10:15 DEBUG BaseClass:142 - Browser window maximized
2026-01-08 11:10:15 INFO  TC04_CompletePurchase:32 - ==== Starting TC04_CompletePurchase.testAddToCart ====
2026-01-08 11:10:15 DEBUG TC04_CompletePurchase:33 - Thread ID: 33
2026-01-08 11:10:15 DEBUG TC04_CompletePurchase:43 - Creating CategoryPage object
2026-01-08 11:10:15 DEBUG TC04_CompletePurchase:46 - Clicking on 'Laptops & Notebooks' category
2026-01-08 11:10:15 DEBUG TC04_CompletePurchase:49 - Clicking on 'Show All' under Laptops & Notebooks
2026-01-08 11:10:16 DEBUG TC04_CompletePurchase:52 - Waiting briefly for product list to load
2026-01-08 11:10:17 DEBUG TC04_CompletePurchase:55 - Selecting HP product from category listing
2026-01-08 11:10:18 DEBUG TC04_CompletePurchase:59 - Creating ProductPage object
2026-01-08 11:10:18 DEBUG TC04_CompletePurchase:62 - Setting delivery date for selected product
2026-01-08 11:10:18 DEBUG TC04_CompletePurchase:65 - Clicking 'Add to Cart' button
2026-01-08 11:10:18 DEBUG TC04_CompletePurchase:68 - Clicking 'Checkout' button
2026-01-08 11:10:20 DEBUG TC04_CompletePurchase:72 - Creating CheckoutPage object
2026-01-08 11:10:20 DEBUG TC04_CompletePurchase:75 - Clicking on 'Login' option at Checkout
2026-01-08 11:10:20 DEBUG TC04_CompletePurchase:79 - Creating LoginPage object
2026-01-08 11:10:20 DEBUG TC04_CompletePurchase:84 - Entering checkout login credentials email: ivanarno90@gmail.com
2026-01-08 11:10:20 DEBUG TC04_CompletePurchase:89 - Clicking 'Login' button on Checkout login
2026-01-08 11:10:20 DEBUG TC04_CompletePurchase:93 - Completing checkout steps
2026-01-08 11:10:22 DEBUG TC04_CompletePurchase:97 - Creating ConfirmationPage object
2026-01-08 11:10:22 DEBUG TC04_CompletePurchase:100 - Checking if order placed confirmation is displayed
2026-01-08 11:10:22 INFO  TC04_CompletePurchase:102 - Order placed flag: true
2026-01-08 11:10:22 DEBUG TC04_CompletePurchase:106 - Performing assertion on order placement
2026-01-08 11:10:22 INFO  TC04_CompletePurchase:108 - Assertion passed: Order placed successfully
2026-01-08 11:10:22 INFO  TC04_CompletePurchase:121 - ==== Finished TC04_CompletePurchase.testAddToCart ====
2026-01-08 11:10:22 INFO  BaseClass:158 - ========== Test Execution Completed ==========
2026-01-08 11:10:22 INFO  BaseClass:162 - Closing browser and quitting WebDriver
2026-01-08 11:10:22 INFO  BaseClass:48 - ========== Test Execution Started ==========
2026-01-08 11:10:22 DEBUG BaseClass:49 - Operating System: mac
2026-01-08 11:10:22 DEBUG BaseClass:50 - Browser Parameter Received: chrome
2026-01-08 11:10:22 DEBUG BaseClass:54 - Loading config.properties file
2026-01-08 11:10:22 INFO  BaseClass:110 - Launching Chrome browser
2026-01-08 11:10:23 DEBUG BaseClass:131 - WebDriver instance set to ThreadLocal
2026-01-08 11:10:23 DEBUG BaseClass:135 - Implicit wait set to 10 seconds
2026-01-08 11:10:23 INFO  BaseClass:138 - Navigating to application URL: https://cloudberrystore.services/
2026-01-08 11:10:25 DEBUG BaseClass:142 - Browser window maximized
2026-01-08 11:10:25 INFO  TC05_AddToWishList:31 - ==== Starting TC05_AddToWishList.testAddToWishList ====
2026-01-08 11:10:25 DEBUG TC05_AddToWishList:32 - Thread ID: 33
2026-01-08 11:10:25 DEBUG TC05_AddToWishList:41 - Creating HomePage object
2026-01-08 11:10:25 DEBUG TC05_AddToWishList:44 - Clicking on 'My Account' on Home page
2026-01-08 11:10:25 DEBUG TC05_AddToWishList:47 - Navigating to Login page from Home page
2026-01-08 11:10:26 DEBUG TC05_AddToWishList:51 - Creating LoginPage object
2026-01-08 11:10:26 DEBUG TC05_AddToWishList:56 - Entering login credentials email: sid@cloudberry.services
2026-01-08 11:10:26 DEBUG TC05_AddToWishList:61 - Clicking 'Login' button
2026-01-08 11:10:26 DEBUG TC05_AddToWishList:65 - Creating CategoryPage object
2026-01-08 11:10:26 DEBUG TC05_AddToWishList:68 - Clicking on 'Laptops & Notebooks' category
2026-01-08 11:10:26 DEBUG TC05_AddToWishList:71 - Clicking on 'Show All' under Laptops & Notebooks
2026-01-08 11:10:27 DEBUG TC05_AddToWishList:74 - Waiting briefly for product list to load
2026-01-08 11:10:27 DEBUG TC05_AddToWishList:77 - Selecting HP product from category listing
2026-01-08 11:10:28 DEBUG TC05_AddToWishList:81 - Creating ProductPage object
2026-01-08 11:10:28 DEBUG TC05_AddToWishList:84 - Clicking 'Add to Wishlist' button
2026-01-08 11:10:28 DEBUG TC05_AddToWishList:88 - Checking if wishlist success message is displayed
2026-01-08 11:10:29 INFO  TC05_AddToWishList:90 - Wishlist success flag: true
2026-01-08 11:10:29 DEBUG TC05_AddToWishList:94 - Performing assertion on wishlist success message visibility
2026-01-08 11:10:29 INFO  TC05_AddToWishList:96 - Assertion passed: Wishlist success message is displayed
2026-01-08 11:10:29 INFO  TC05_AddToWishList:109 - ==== Finished TC05_AddToWishList.testAddToWishList ====
2026-01-08 11:10:29 INFO  BaseClass:158 - ========== Test Execution Completed ==========
2026-01-08 11:10:29 INFO  BaseClass:162 - Closing browser and quitting WebDriver
2026-01-08 11:10:29 INFO  BaseClass:48 - ========== Test Execution Started ==========
2026-01-08 11:10:29 DEBUG BaseClass:49 - Operating System: mac
2026-01-08 11:10:29 DEBUG BaseClass:50 - Browser Parameter Received: chrome
2026-01-08 11:10:29 DEBUG BaseClass:54 - Loading config.properties file
2026-01-08 11:10:29 INFO  BaseClass:110 - Launching Chrome browser
2026-01-08 11:10:29 DEBUG BaseClass:131 - WebDriver instance set to ThreadLocal
2026-01-08 11:10:29 DEBUG BaseClass:135 - Implicit wait set to 10 seconds
2026-01-08 11:10:29 INFO  BaseClass:138 - Navigating to application URL: https://cloudberrystore.services/
2026-01-08 11:10:31 DEBUG BaseClass:142 - Browser window maximized
2026-01-08 11:10:31 INFO  TC06_AddAffiliate:30 - ==== Starting TC06_AddAffiliate.testAddAffiliate ====
2026-01-08 11:10:31 DEBUG TC06_AddAffiliate:31 - Thread ID: 33
2026-01-08 11:10:31 DEBUG TC06_AddAffiliate:39 - Creating HomePage object
2026-01-08 11:10:31 DEBUG TC06_AddAffiliate:42 - Clicking on 'My Account' on Home page
2026-01-08 11:10:31 DEBUG TC06_AddAffiliate:45 - Navigating to Login page from Home page
2026-01-08 11:10:32 DEBUG TC06_AddAffiliate:49 - Creating LoginPage object
2026-01-08 11:10:32 DEBUG TC06_AddAffiliate:54 - Entering login credentials, email: sid@cloudberry.services
2026-01-08 11:10:32 DEBUG TC06_AddAffiliate:59 - Clicking 'Login' button
2026-01-08 11:10:32 DEBUG TC06_AddAffiliate:63 - Creating AffiliatePage object
2026-01-08 11:10:32 DEBUG TC06_AddAffiliate:66 - Navigating to affiliate registration/update form
2026-01-08 11:10:33 DEBUG TC06_AddAffiliate:73 - Filling affiliate details: company=CloudBerry, website=cloudberry.services, taxId=123456, payee=Shadab Siddiqui
2026-01-08 11:10:34 DEBUG TC06_AddAffiliate:79 - Checking if affiliate details were added successfully
2026-01-08 11:10:35 INFO  TC06_AddAffiliate:81 - Affiliate added flag: true
2026-01-08 11:10:35 DEBUG TC06_AddAffiliate:85 - Performing assertion on affiliate added flag
2026-01-08 11:10:35 INFO  TC06_AddAffiliate:87 - Assertion passed: Affiliate details added successfully
2026-01-08 11:10:35 INFO  TC06_AddAffiliate:100 - ==== Finished TC06_AddAffiliate.testAddAffiliate ====
2026-01-08 11:10:35 INFO  BaseClass:158 - ========== Test Execution Completed ==========
2026-01-08 11:10:35 INFO  BaseClass:162 - Closing browser and quitting WebDriver
